TN:
SF:src/Demo.sol
FN:7,Demo.uri
FNDA:0,Demo.uri
FN:9,Demo.mint
FNDA:3958,Demo.mint
DA:10,3958
FN:13,Demo.batchMint
FNDA:3624,Demo.batchMint
DA:14,3624
FNF:3
FNH:2
LF:2
LH:2
BRF:0
BRH:0
end_of_record
TN:
SF:src/ERC20.sol
FN:41,ERC20.
FNDA:51431,ERC20.
DA:42,51431
DA:43,51431
DA:44,51431
FN:51,ERC20.approve
FNDA:0,ERC20.approve
DA:52,0
DA:54,0
DA:56,0
FN:59,ERC20.transfer
FNDA:7,ERC20.transfer
DA:60,7
DA:65,7
DA:68,7
DA:70,7
FN:73,ERC20.transferFrom
FNDA:0,ERC20.transferFrom
DA:74,0
DA:76,0
BRDA:76,0,0,-
BRDA:76,0,1,-
DA:78,0
DA:83,0
DA:86,0
DA:88,0
FN:95,ERC20._mint
FNDA:105101,ERC20._mint
DA:96,105101
DA:101,105101
DA:104,105101
FN:107,ERC20._burn
FNDA:0,ERC20._burn
DA:108,0
DA:113,0
DA:116,0
FNF:6
FNH:3
LF:22
LH:10
BRF:2
BRH:0
end_of_record
TN:
SF:src/ERC403.sol
FN:32,ERC403.balanceOf
FNDA:79870,ERC403.balanceOf
DA:33,79875
DA:34,79875
BRDA:34,0,0,79875
BRDA:34,0,1,79875
DA:35,0
DA:38,79875
FN:53,ERC403.setApprovalForAll
FNDA:1556,ERC403.setApprovalForAll
DA:54,1556
DA:56,1556
FN:59,ERC403.safeTransferFrom
FNDA:2158,ERC403.safeTransferFrom
DA:63,2158
DA:64,2158
DA:66,2158
DA:68,2158
DA:70,1708
DA:72,1708
FN:81,ERC403.safeBatchTransferFrom
FNDA:541,ERC403.safeBatchTransferFrom
DA:88,541
DA:90,540
DA:93,540
DA:94,540
DA:96,540
DA:97,22521
DA:98,22521
DA:99,22521
DA:101,22521
DA:103,22521
DA:108,22458
DA:112,477
DA:114,477
FN:123,ERC403.emitEvents
FNDA:6,ERC403.emitEvents
DA:126,6
DA:127,6
BRDA:127,1,0,6
BRDA:127,1,1,1
DA:128,6
DA:129,5
BRDA:129,2,0,5
BRDA:129,2,1,1
DA:130,2
DA:131,3
BRDA:131,3,0,2
BRDA:131,3,1,1
DA:132,2
DA:133,2
BRDA:133,4,0,2
BRDA:133,4,1,2
DA:134,0
DA:136,1
BRDA:136,5,0,1
BRDA:136,5,1,1
DA:137,1
DA:138,1
BRDA:138,6,0,1
BRDA:138,6,1,1
DA:139,0
FN:144,ERC403.balanceOfBatch
FNDA:264,ERC403.balanceOfBatch
DA:150,264
DA:152,1
DA:157,1
DA:158,5
FN:167,ERC403.supportsInterface
FNDA:0,ERC403.supportsInterface
DA:168,0
DA:169,0
DA:170,0
DA:171,0
DA:172,0
FN:179,ERC403._mint
FNDA:3958,ERC403._mint
DA:180,3958
DA:181,3958
BRDA:181,7,0,3958
BRDA:181,7,1,3958
DA:183,3958
DA:184,3958
DA:186,3958
DA:188,3505
DA:190,3505
FN:199,ERC403._batchMint
FNDA:3624,ERC403._batchMint
DA:203,3624
DA:205,3624
DA:207,3101
DA:208,103441
DA:209,103441
BRDA:209,8,0,100742
BRDA:209,8,1,100742
DA:211,100742
DA:212,100742
DA:214,103441
DA:219,101596
DA:223,1256
DA:225,1256
FN:272,ERC1155TokenReceiver.onERC1155Received
FNDA:1407,ERC1155TokenReceiver.onERC1155Received
DA:273,1407
FN:276,ERC1155TokenReceiver.onERC1155BatchReceived
FNDA:0,ERC1155TokenReceiver.onERC1155BatchReceived
DA:281,0
FNF:11
FNH:9
LF:67
LH:58
BRF:18
BRH:18
end_of_record
TN:
SF:src/Token.sol
FN:14,Token.
FNDA:52320,Token.
DA:15,51431
DA:16,51431
DA:17,51431
DA:18,51431
DA:19,51431
FN:22,Token.erc1155Transfer
FNDA:24679,Token.erc1155Transfer
DA:23,24679
DA:26,24679
DA:28,24395
DA:33,24166
DA:36,24166
FN:39,Token.mint
FNDA:105101,Token.mint
DA:40,105101
DA:41,105101
FN:44,Token._handleTransfer
FNDA:7,Token._handleTransfer
DA:45,7
BRDA:45,0,0,7
BRDA:45,0,1,7
DA:46,7
DA:49,6
DA:50,6
DA:52,6
DA:53,6
DA:55,6
FN:58,Token.transfer
FNDA:7,Token.transfer
DA:59,7
DA:60,7
FN:63,Token.transferFrom
FNDA:0,Token.transferFrom
DA:64,0
DA:65,0
FNF:6
FNH:5
LF:23
LH:21
BRF:2
BRH:2
end_of_record
TN:
SF:test/ERC403.t.sol
FN:16,ERC1155Recipient.onERC1155Received
FNDA:487,ERC1155Recipient.onERC1155Received
DA:21,487
DA:22,487
DA:23,487
DA:24,487
DA:25,487
DA:27,487
FN:36,ERC1155Recipient.batchIds
FNDA:528,ERC1155Recipient.batchIds
DA:37,528
FN:40,ERC1155Recipient.batchAmounts
FNDA:528,ERC1155Recipient.batchAmounts
DA:41,528
FN:44,ERC1155Recipient.onERC1155BatchReceived
FNDA:528,ERC1155Recipient.onERC1155BatchReceived
DA:51,528
DA:52,528
DA:53,528
DA:54,528
DA:55,528
DA:57,528
FN:62,RevertingERC1155Recipient.onERC1155Received
FNDA:676,RevertingERC1155Recipient.onERC1155Received
DA:68,676
FN:71,RevertingERC1155Recipient.onERC1155BatchReceived
FNDA:100,RevertingERC1155Recipient.onERC1155BatchReceived
DA:77,100
FN:82,WrongReturnDataERC1155Recipient.onERC1155Received
FNDA:230,WrongReturnDataERC1155Recipient.onERC1155Received
DA:88,230
FN:91,WrongReturnDataERC1155Recipient.onERC1155BatchReceived
FNDA:100,WrongReturnDataERC1155Recipient.onERC1155BatchReceived
DA:97,100
FNF:8
FNH:8
LF:18
LH:18
BRF:0
BRH:0
end_of_record
